Build started 5/1/2014 5:04:31 PM.
     1>Project "C:\Users\Olousouzian\documents\visual studio 2013\Projects\Wima\CoreProto\CoreProto.vcxproj" on node 2 (Build target(s)).
     1>ClCompile:
         C:\Program Files (x86)\Microsoft Visual Studio 12.0\VC\bin\CL.exe /c /Zi /nologo /W3 /WX- /O2 /Oi /Oy- /GL /D WIN32 /D NDEBUG /D _CONSOLE /D _LIB /D _UNICODE /D UNICODE /Gm- /EHsc /MD /GS /Gy /fp:precise /Zc:wchar_t /Zc:forScope /Fo"Release\\" /Fd"Release\vc120.pdb" /Gd /TP /analyze- /errorReport:prompt CoreProto.cpp
         CoreProto.cpp
     1>CoreProto.cpp(21): error C2065: 'SCANCODE_X' : undeclared identifier
     1>CoreProto.cpp(21): error C2065: 'SCANCODE_Y' : undeclared identifier
     1>CoreProto.cpp(25): error C2065: 'SCANCODE_ESC' : undeclared identifier
     1>Done Building Project "C:\Users\Olousouzian\documents\visual studio 2013\Projects\Wima\CoreProto\CoreProto.vcxproj" (Build target(s)) -- FAILED.

Build FAILED.

Time Elapsed 00:00:00.49
